<?xml version="1.0" encoding="UTF-8"?>
<!-- Generated by org.testng.reporters.JUnitReportReporter -->
<testsuite hostname="Balaji" failures="0" tests="2" name="com.rmsi.runner.RunnerTest" time="36.914" errors="0" timestamp="2022-12-10T17:55:40 IST" skipped="0">
  <testcase classname="com.rmsi.runner.RunnerTest" name="runScenario" time="19.813"/>
  <system-out/>
  <testcase classname="com.rmsi.runner.RunnerTest" name="runScenario" time="17.101"/>
  <system-out/>
</testsuite> <!-- com.rmsi.runner.RunnerTest -->
