<?xml version="1.0" encoding="UTF-8"?>
<!-- Generated by org.testng.reporters.JUnitReportReporter -->
<testsuite hostname="Balaji" failures="0" tests="3" name="com.rmsi.test.DemoTest" time="14.207" errors="0" timestamp="2022-12-09T11:17:34 IST" skipped="0">
  <testcase classname="com.rmsi.test.DemoTest" name="validTest" time="4.484"/>
  <system-out/>
  <testcase classname="com.rmsi.test.DemoTest" name="validTest" time="4.897"/>
  <system-out/>
  <testcase classname="com.rmsi.test.DemoTest" name="validTest" time="4.826"/>
  <system-out/>
</testsuite> <!-- com.rmsi.test.DemoTest -->
