<?xml version="1.0" encoding="UTF-8"?>
<!-- Generated by org.testng.reporters.JUnitReportReporter -->
<testsuite hostname="Balaji" failures="0" tests="4" name="com.rmsi.test.LoginUITest" time="44.279" errors="0" timestamp="2022-12-10T12:03:57 IST" skipped="0">
  <testcase classname="com.rmsi.test.LoginUITest" name="validateHeaderTest" time="8.148"/>
  <system-out/>
  <testcase classname="com.rmsi.test.LoginUITest" name="validateTitleTest" time="13.679"/>
  <system-out/>
  <testcase classname="com.rmsi.test.LoginUITest" name="validateTitleTest" time="13.528"/>
  <system-out/>
  <testcase classname="com.rmsi.test.LoginUITest" name="validateHeaderTest" time="8.924"/>
  <system-out/>
</testsuite> <!-- com.rmsi.test.LoginUITest -->
