<?xml version="1.0" encoding="UTF-8"?>
<!-- Generated by org.testng.reporters.JUnitReportReporter -->
<testsuite hostname="Balaji" failures="0" tests="4" name="com.rmsi.test.LoginTest" time="40.712" errors="0" timestamp="2022-12-10T11:23:07 IST" skipped="0">
  <testcase classname="com.rmsi.test.LoginTest" name="validLoginTest" time="10.541"/>
  <system-out/>
  <testcase classname="com.rmsi.test.LoginTest" name="invalidLoginTest" time="7.071"/>
  <system-out/>
  <testcase classname="com.rmsi.test.LoginTest" name="validLoginTest" time="13.044"/>
  <system-out/>
  <testcase classname="com.rmsi.test.LoginTest" name="validLoginTest" time="10.056"/>
  <system-out/>
</testsuite> <!-- com.rmsi.test.LoginTest -->
